0 info it worked if it ends with ok
1 verbose cli [ 'C:\\Program Files\\nodejs\\node.exe',
1 verbose cli   'C:\\Program Files\\nodejs\\node_modules\\npm\\bin\\npm-cli.js',
1 verbose cli   'install',
1 verbose cli   '-g',
1 verbose cli   'cordova' ]
2 info using npm@2.14.20
3 info using node@v4.4.0
4 verbose install initial load of C:\Users\Ivonne\AppData\Roaming\npm\package.json
5 verbose readDependencies loading dependencies from C:\Users\Ivonne\AppData\Roaming\npm\package.json
6 silly cache add args [ 'cordova', null ]
7 verbose cache add spec cordova
8 silly cache add parsed spec Result {
8 silly cache add   raw: 'cordova',
8 silly cache add   scope: null,
8 silly cache add   name: 'cordova',
8 silly cache add   rawSpec: '',
8 silly cache add   spec: 'latest',
8 silly cache add   type: 'tag' }
9 silly addNamed cordova@latest
10 verbose addNamed "latest" is being treated as a dist-tag for cordova
11 info addNameTag [ 'cordova', 'latest' ]
12 silly mapToRegistry name cordova
13 silly mapToRegistry using default registry
14 silly mapToRegistry registry https://registry.npmjs.org/
15 silly mapToRegistry uri https://registry.npmjs.org/cordova
16 verbose addNameTag registry:https://registry.npmjs.org/cordova not in flight; fetching
17 verbose request uri https://registry.npmjs.org/cordova
18 verbose request no auth needed
19 info attempt registry request try #1 at 14:48:02
20 verbose request id 27470cd9d0ce3f36
21 verbose etag "A4RDOEAB30XCJURGTU4PAB4ND"
22 http request GET https://registry.npmjs.org/cordova
23 http 200 https://registry.npmjs.org/cordova
24 verbose headers { server: 'CouchDB/1.5.0 (Erlang OTP/R16B03)',
24 verbose headers   etag: '"5H23RU98ABXM8YEGFER544MSL"',
24 verbose headers   'content-type': 'application/json',
24 verbose headers   'content-encoding': 'gzip',
24 verbose headers   'cache-control': 'max-age=300',
24 verbose headers   'content-length': '31405',
24 verbose headers   'accept-ranges': 'bytes',
24 verbose headers   date: 'Thu, 26 May 2016 12:48:11 GMT',
24 verbose headers   via: '1.1 varnish',
24 verbose headers   age: '269',
24 verbose headers   connection: 'keep-alive',
24 verbose headers   'x-served-by': 'cache-lcy1128-LCY',
24 verbose headers   'x-cache': 'HIT',
24 verbose headers   'x-cache-hits': '2',
24 verbose headers   'x-timer': 'S1464266891.109627,VS0,VE0',
24 verbose headers   vary: 'Accept-Encoding' }
25 silly get cb [ 200,
25 silly get   { server: 'CouchDB/1.5.0 (Erlang OTP/R16B03)',
25 silly get     etag: '"5H23RU98ABXM8YEGFER544MSL"',
25 silly get     'content-type': 'application/json',
25 silly get     'content-encoding': 'gzip',
25 silly get     'cache-control': 'max-age=300',
25 silly get     'content-length': '31405',
25 silly get     'accept-ranges': 'bytes',
25 silly get     date: 'Thu, 26 May 2016 12:48:11 GMT',
25 silly get     via: '1.1 varnish',
25 silly get     age: '269',
25 silly get     connection: 'keep-alive',
25 silly get     'x-served-by': 'cache-lcy1128-LCY',
25 silly get     'x-cache': 'HIT',
25 silly get     'x-cache-hits': '2',
25 silly get     'x-timer': 'S1464266891.109627,VS0,VE0',
25 silly get     vary: 'Accept-Encoding' } ]
26 verbose get saving cordova to C:\Users\Ivonne\AppData\Roaming\npm-cache\registry.npmjs.org\cordova\.cache.json
27 verbose correctMkdir C:\Users\Ivonne\AppData\Roaming\npm-cache correctMkdir not in flight; initializing
28 silly addNameTag next cb for cordova with tag latest
29 silly addNamed cordova@6.2.0
30 verbose addNamed "6.2.0" is a plain semver version for cordova
31 silly mapToRegistry name cordova
32 silly mapToRegistry using default registry
33 silly mapToRegistry registry https://registry.npmjs.org/
34 silly mapToRegistry uri https://registry.npmjs.org/cordova
35 verbose addRemoteTarball https://registry.npmjs.org/cordova/-/cordova-6.2.0.tgz not in flight; adding
36 verbose addRemoteTarball [ 'https://registry.npmjs.org/cordova/-/cordova-6.2.0.tgz',
36 verbose addRemoteTarball   '8442ec6f4d4440bc124713d32139d78efa1b72ce' ]
37 info retry fetch attempt 1 at 14:48:02
38 info attempt registry request try #1 at 14:48:02
39 http fetch GET https://registry.npmjs.org/cordova/-/cordova-6.2.0.tgz
40 http fetch 200 https://registry.npmjs.org/cordova/-/cordova-6.2.0.tgz
41 warn retry will retry, error on last attempt: Error: EBUSY: resource busy or locked, rename 'C:\Users\Ivonne\AppData\Local\Temp\npm-7224-afcd53f4\registry.npmjs.org\cordova\-\cordova-6.2.0.tgz.881904768' -> 'C:\Users\Ivonne\AppData\Local\Temp\npm-7224-afcd53f4\registry.npmjs.org\cordova\-\cordova-6.2.0.tgz'
42 verbose stack TypeError: tarball.destroy is not a function
42 verbose stack     at WriteStreamAtomic.<anonymous> (C:\Program Files\nodejs\node_modules\npm\lib\cache\add-remote-tarball.js:85:15)
42 verbose stack     at emitOne (events.js:82:20)
42 verbose stack     at WriteStreamAtomic.emit (events.js:169:7)
42 verbose stack     at WriteStreamAtomic.emit (C:\Program Files\nodejs\node_modules\npm\node_modules\fs-write-stream-atomic\index.js:60:34)
42 verbose stack     at C:\Program Files\nodejs\node_modules\npm\node_modules\fs-write-stream-atomic\index.js:89:19
42 verbose stack     at FSReqWrap.oncomplete (fs.js:82:15)
43 verbose cwd F:\Almacen-Ivo\Trabajos-ivo\APP_GEOLOCALIZACION\Gelolocalizarme-investigacion_1
44 error Windows_NT 6.1.7601
45 error argv "C:\\Program Files\\nodejs\\node.exe" "C:\\Program Files\\nodejs\\node_modules\\npm\\bin\\npm-cli.js" "install" "-g" "cordova"
46 error node v4.4.0
47 error npm  v2.14.20
48 error tarball.destroy is not a function
49 error If you need help, you may report this error at:
49 error     <https://github.com/npm/npm/issues>
50 verbose exit [ 1, true ]
